<?xml version="1.0" encoding="UTF-8"?>
<!-- Generated by org.testng.reporters.JUnitXMLReporter -->
<testsuite ignored="0" hostname="LAPTOP-6AD6A1J0" failures="0" tests="4" name="Default test" time="20.845" errors="0" timestamp="2020-04-24T17:32:57 SGT">
  <testcase classname="IMDB.imdb.QuestionsAnswers" name="DrivetoTopRatedShows" time="5.313"/>
  <testcase classname="IMDB.imdb.QuestionsAnswers" name="GameofThronessearch" time="6.291"/>
  <testcase classname="IMDB.imdb.QuestionsAnswers" name="assertions" time="1.977"/>
  <testcase classname="IMDB.imdb.QuestionsAnswers" name="Create_login_account" time="7.217"/>
</testsuite> <!-- Default test -->
